[17:02:18] [main/INFO]: Setting user: Player676
[17:02:24] [main/INFO]: LWJGL Version: 2.9.4
[17:02:28] [main/INFO]: Reloading ResourceManager: Default, FMLFileResourcePack:Forge Mod Loader, FMLFileResourcePack:Minecraft Forge, FMLFileResourcePack:Example Mod
[17:02:29] [Sound Library Loader/INFO]: Starting up SoundSystem...
[17:02:30] [Thread-4/INFO]: Initializing LWJGL OpenAL
[17:02:30] [Thread-4/INFO]: (The LWJGL binding of OpenAL.  For more information, see http://www.lwjgl.org)
[17:02:30] [Thread-4/INFO]: OpenAL initialized.
[17:02:30] [Sound Library Loader/INFO]: Sound engine started
[17:02:33] [main/INFO]: Created: 512x512 textures-atlas
[17:02:37] [main/INFO]: Narrator library successfully loaded
[17:02:39] [Realms Notification Availability checker #1/INFO]: Could not authorize you against Realms server: Invalid session id
[17:02:55] [Server thread/INFO]: Starting integrated minecraft server version 1.12.2
[17:02:55] [Server thread/INFO]: Generating keypair
[17:02:56] [Server thread/INFO]: Loaded 488 advancements
[17:02:57] [Server thread/INFO]: Preparing start region for level 0
[17:02:58] [Server thread/INFO]: Preparing spawn area: 5%
[17:02:59] [Server thread/INFO]: Preparing spawn area: 13%
[17:03:00] [Server thread/INFO]: Preparing spawn area: 21%
[17:03:01] [Server thread/INFO]: Preparing spawn area: 31%
[17:03:02] [Server thread/INFO]: Preparing spawn area: 43%
[17:03:03] [Server thread/INFO]: Preparing spawn area: 51%
[17:03:04] [Server thread/INFO]: Preparing spawn area: 62%
[17:03:05] [Server thread/INFO]: Preparing spawn area: 74%
[17:03:06] [Server thread/INFO]: Preparing spawn area: 90%
[17:03:07] [Server thread/INFO]: Changing view distance to 12, from 10
[17:03:09] [Server thread/INFO]: Player676[local:E:b7f5a5e2] logged in with entity id 1514 at (-51.5, 65.0, 90.5)
[17:03:09] [Server thread/INFO]: Player676 joined the game
[17:03:10] [Server thread/INFO]: Saving and pausing game...
[17:03:10] [Server thread/INFO]: Saving chunks for level 'New World'/overworld
[17:03:11] [pool-2-thread-1/WARN]: Couldn't look up profile properties for com.mojang.authlib.GameProfile@54162932[id=19e1dbac-54cc-34fa-99b8-c2a0812b14c1,name=Player676,properties={},legacy=false]
com.mojang.authlib.exceptions.AuthenticationException: The client has sent too many requests within a certain amount of time
	at com.mojang.authlib.yggdrasil.YggdrasilAuthenticationService.makeRequest(YggdrasilAuthenticationService.java:79) ~[YggdrasilAuthenticationService.class:?]
	at com.mojang.authlib.yggdrasil.YggdrasilMinecraftSessionService.fillGameProfile(YggdrasilMinecraftSessionService.java:180) [YggdrasilMinecraftSessionService.class:?]
	at com.mojang.authlib.yggdrasil.YggdrasilMinecraftSessionService$1.load(YggdrasilMinecraftSessionService.java:60) [YggdrasilMinecraftSessionService$1.class:?]
	at com.mojang.authlib.yggdrasil.YggdrasilMinecraftSessionService$1.load(YggdrasilMinecraftSessionService.java:57) [YggdrasilMinecraftSessionService$1.class:?]
	at com.google.common.cache.LocalCache$LoadingValueReference.loadFuture(LocalCache.java:3716) [guava-21.0.jar:?]
	at com.google.common.cache.LocalCache$Segment.loadSync(LocalCache.java:2424) [guava-21.0.jar:?]
	at com.google.common.cache.LocalCache$Segment.lockedGetOrLoad(LocalCache.java:2298) [guava-21.0.jar:?]
	at com.google.common.cache.LocalCache$Segment.get(LocalCache.java:2211) [guava-21.0.jar:?]
	at com.google.common.cache.LocalCache.get(LocalCache.java:4154) [guava-21.0.jar:?]
	at com.google.common.cache.LocalCache.getOrLoad(LocalCache.java:4158) [guava-21.0.jar:?]
	at com.google.common.cache.LocalCache$LocalLoadingCache.get(LocalCache.java:5147) [guava-21.0.jar:?]
	at com.google.common.cache.LocalCache$LocalLoadingCache.getUnchecked(LocalCache.java:5153) [guava-21.0.jar:?]
	at com.mojang.authlib.yggdrasil.YggdrasilMinecraftSessionService.fillProfileProperties(YggdrasilMinecraftSessionService.java:170) [YggdrasilMinecraftSessionService.class:?]
	at net.minecraft.client.Minecraft.getProfileProperties(Minecraft.java:3188) [Minecraft.class:?]
	at net.minecraft.client.resources.SkinManager$3.run(SkinManager.java:138) [SkinManager$3.class:?]
	at java.util.concurrent.Executors$RunnableAdapter.call(Executors.java:511) [?:1.8.0_151]
	at java.util.concurrent.FutureTask.run(FutureTask.java:266) [?:1.8.0_151]
	at java.util.concurrent.ThreadPoolExecutor.runWorker(ThreadPoolExecutor.java:1149) [?:1.8.0_151]
	at java.util.concurrent.ThreadPoolExecutor$Worker.run(ThreadPoolExecutor.java:624) [?:1.8.0_151]
	at java.lang.Thread.run(Thread.java:748) [?:1.8.0_151]
[17:03:11] [Server thread/INFO]: Saving chunks for level 'New World'/the_nether
[17:03:11] [Server thread/INFO]: Saving chunks for level 'New World'/the_end
[17:03:25] [Server thread/INFO]: Saving and pausing game...
[17:03:25] [Server thread/INFO]: Saving chunks for level 'New World'/overworld
[17:03:25] [Server thread/INFO]: Saving chunks for level 'New World'/the_nether
[17:03:25] [Server thread/INFO]: Saving chunks for level 'New World'/the_end
[17:03:26] [Server thread/INFO]: Stopping server
[17:03:26] [Server thread/INFO]: Saving players
[17:03:26] [Server thread/INFO]: Player676 lost connection: Disconnected
[17:03:26] [Server thread/INFO]: Player676 left the game
[17:03:26] [Server thread/INFO]: Stopping singleplayer server as player logged out
[17:03:26] [Server thread/INFO]: Saving worlds
[17:03:26] [Server thread/INFO]: Saving chunks for level 'New World'/overworld
[17:03:26] [Server thread/INFO]: Saving chunks for level 'New World'/the_nether
[17:03:26] [Server thread/INFO]: Saving chunks for level 'New World'/the_end
[17:03:29] [main/INFO]: Stopping!
[17:03:29] [main/INFO]: SoundSystem shutting down...
[17:03:29] [main/WARN]: Author: Paul Lamb, www.paulscode.com
